app/seeds.txt
com.shuiguo.redenvelope.R$color: int black_text_color
com.shuiguo.redenvelope.R$color: int colorAccent
com.shuiguo.redenvelope.R$color: int colorPrimary
com.shuiguo.redenvelope.R$color: int colorPrimaryDark
com.shuiguo.redenvelope.R$color: int content_grey
com.shuiguo.redenvelope.R$color: int content_pint
com.shuiguo.redenvelope.R$color: int list_diveder_grey
com.shuiguo.redenvelope.R$color: int red
com.shuiguo.redenvelope.R$color: int time_grey
com.shuiguo.redenvelope.R$color: int transparent
com.shuiguo.redenvelope.R$color: int yellow
com.shuiguo.redenvelope.R$dimen: int activity_horizontal_margin
com.shuiguo.redenvelope.R$dimen: int activity_vertical_margin
com.shuiguo.redenvelope.R$drawable: int help_relayout_style
com.shuiguo.redenvelope.R$drawable: int help_setbt_green_style
com.shuiguo.redenvelope.R$drawable: int help_setbt_style
com.shuiguo.redenvelope.R$id: int action_settings
com.shuiguo.redenvelope.R$id: int adbanner
com.shuiguo.redenvelope.R$id: int adv_pager
com.shuiguo.redenvelope.R$id: int bannercontainer
com.shuiguo.redenvelope.R$id: int fanhui_bt
com.shuiguo.redenvelope.R$id: int gotoset1
com.shuiguo.redenvelope.R$id: int gotoset2
com.shuiguo.redenvelope.R$id: int gotoset3
com.shuiguo.redenvelope.R$id: int help_bt
com.shuiguo.redenvelope.R$id: int love_bt
com.shuiguo.redenvelope.R$id: int scrollView
com.shuiguo.redenvelope.R$id: int share_bt
com.shuiguo.redenvelope.R$id: int sound_bt
com.shuiguo.redenvelope.R$id: int splash_iv
com.shuiguo.redenvelope.R$id: int star_bt
com.shuiguo.redenvelope.R$id: int sweet_tips_text
com.shuiguo.redenvelope.R$id: int tip_content_layout1
com.shuiguo.redenvelope.R$id: int tip_content_layout2
com.shuiguo.redenvelope.R$id: int tip_icon1
com.shuiguo.redenvelope.R$id: int tip_icon2
com.shuiguo.redenvelope.R$id: int tip_layout1
com.shuiguo.redenvelope.R$id: int tip_layout2
com.shuiguo.redenvelope.R$id: int tip_title_textView
com.shuiguo.redenvelope.R$id: int viewGroup
com.shuiguo.redenvelope.R$layout: int activity_main
com.shuiguo.redenvelope.R$layout: int activity_rudemo
com.shuiguo.redenvelope.R$layout: int help_activity_view
com.shuiguo.redenvelope.R$layout: int main_activity_view
com.shuiguo.redenvelope.R$layout: int splash_activity_view
com.shuiguo.redenvelope.R$menu: int menu_main
com.shuiguo.redenvelope.R$mipmap: int bg
com.shuiguo.redenvelope.R$mipmap: int go_down
com.shuiguo.redenvelope.R$mipmap: int go_right
com.shuiguo.redenvelope.R$mipmap: int help
com.shuiguo.redenvelope.R$mipmap: int hoveone
com.shuiguo.redenvelope.R$mipmap: int ic_launcher
com.shuiguo.redenvelope.R$mipmap: int img_set_accessibility
com.shuiguo.redenvelope.R$mipmap: int love
com.shuiguo.redenvelope.R$mipmap: int loves
com.shuiguo.redenvelope.R$mipmap: int lovetwo
com.shuiguo.redenvelope.R$mipmap: int share
com.shuiguo.redenvelope.R$mipmap: int sound_off
com.shuiguo.redenvelope.R$mipmap: int sound_on
com.shuiguo.redenvelope.R$mipmap: int splashbg
com.shuiguo.redenvelope.R$mipmap: int start
com.shuiguo.redenvelope.R$mipmap: int stop
com.shuiguo.redenvelope.R$mipmap: int tip0
com.shuiguo.redenvelope.R$mipmap: int tip1
com.shuiguo.redenvelope.R$mipmap: int tip2
com.shuiguo.redenvelope.R$mipmap: int tip4
com.shuiguo.redenvelope.R$raw: int ringtone
...
com.google.gson.internal.$Gson$Types$GenericArrayTypeImpl
com.google.gson.internal.$Gson$Types$GenericArrayTypeImpl: java.lang.reflect.Type componentType
com.google.gson.internal.$Gson$Types$GenericArrayTypeImpl: long serialVersionUID
com.google.gson.internal.$Gson$Types$GenericArrayTypeImpl: $Gson$Types$GenericArrayTypeImpl(java.lang.reflect.Type)
com.google.gson.internal.$Gson$Types$GenericArrayTypeImpl: java.lang.reflect.Type getGenericComponentType()
com.google.gson.internal.$Gson$Types$GenericArrayTypeImpl: boolean equals(java.lang.Object)
com.google.gson.internal.$Gson$Types$GenericArrayTypeImpl: int hashCode()
com.google.gson.internal.$Gson$Types$GenericArrayTypeImpl: java.lang.String toString()
com.google.gson.internal.$Gson$Types$ParameterizedTypeImpl
com.google.gson.internal.$Gson$Types$ParameterizedTypeImpl: java.lang.reflect.Type ownerType
com.google.gson.internal.$Gson$Types$ParameterizedTypeImpl: java.lang.reflect.Type rawType
com.google.gson.internal.$Gson$Types$ParameterizedTypeImpl: java.lang.reflect.Type[] typeArguments
com.google.gson.internal.$Gson$Types$ParameterizedTypeImpl: long serialVersionUID
com.google.gson.internal.$Gson$Types$ParameterizedTypeImpl: $Gson$Types$ParameterizedTypeImpl(java.lang.reflect.Type,java.lang.reflect.Type,java.lang.reflect.Type[])
com.google.gson.internal.$Gson$Types$ParameterizedTypeImpl: java.lang.reflect.Type[] getActualTypeArguments()
com.google.gson.internal.$Gson$Types$ParameterizedTypeImpl: java.lang.reflect.Type getRawType()
com.google.gson.internal.$Gson$Types$ParameterizedTypeImpl: java.lang.reflect.Type getOwnerType()
com.google.gson.internal.$Gson$Types$ParameterizedTypeImpl: boolean equals(java.lang.Object)
com.google.gson.internal.$Gson$Types$ParameterizedTypeImpl: int hashCode()
com.google.gson.internal.$Gson$Types$ParameterizedTypeImpl: java.lang.String toString()
com.google.gson.internal.$Gson$Types$WildcardTypeImpl
com.google.gson.internal.$Gson$Types$WildcardTypeImpl: java.lang.reflect.Type upperBound
com.google.gson.internal.$Gson$Types$WildcardTypeImpl: java.lang.reflect.Type lowerBound
com.google.gson.internal.$Gson$Types$WildcardTypeImpl: long serialVersionUID
com.google.gson.internal.$Gson$Types$WildcardTypeImpl: $Gson$Types$WildcardTypeImpl(java.lang.reflect.Type[],java.lang.reflect.Type[])
com.google.gson.internal.$Gson$Types$WildcardTypeImpl: java.lang.reflect.Type[] getUpperBounds()
com.google.gson.internal.$Gson$Types$WildcardTypeImpl: java.lang.reflect.Type[] getLowerBounds()
com.google.gson.internal.$Gson$Types$WildcardTypeImpl: boolean equals(java.lang.Object)
com.google.gson.internal.$Gson$Types$WildcardTypeImpl: int hashCode()
com.google.gson.internal.$Gson$Types$WildcardTypeImpl: java.lang.String toString()
com.google.gson.internal.LazilyParsedNumber
com.google.gson.internal.LazilyParsedNumber: java.lang.String value
com.google.gson.internal.LazilyParsedNumber: LazilyParsedNumber(java.lang.String)
com.google.gson.internal.LazilyParsedNumber: int intValue()
com.google.gson.internal.LazilyParsedNumber: long longValue()
com.google.gson.internal.LazilyParsedNumber: float floatValue()
com.google.gson.internal.LazilyParsedNumber: double doubleValue()
com.google.gson.internal.LazilyParsedNumber: java.lang.String toString()
com.google.gson.internal.LazilyParsedNumber: java.lang.Object writeReplace()