app/mapping.txt
android.support.v4.app.FragmentContainer -> android.support.v4.app.v:
    android.view.View onFindViewById(int) -> a
    boolean onHasView() -> a
android.support.v4.app.FragmentController -> android.support.v4.app.w:
    android.support.v4.app.FragmentHostCallback mHost -> a
    android.support.v4.app.FragmentController createController(android.support.v4.app.FragmentHostCallback) -> a
    android.support.v4.app.FragmentManager getSupportFragmentManager() -> a
    android.support.v4.app.Fragment findFragmentByWho(java.lang.String) -> a
    void attachHost(android.support.v4.app.Fragment) -> a
    android.view.View onCreateView(android.view.View,java.lang.String,android.content.Context,android.util.AttributeSet) -> a
    void noteStateNotSaved() -> b
    android.os.Parcelable saveAllState() -> c
    void restoreAllState(android.os.Parcelable,android.support.v4.app.FragmentManagerNonConfig) -> a
    android.support.v4.app.FragmentManagerNonConfig retainNestedNonConfig() -> d
    void dispatchCreate() -> e
    void dispatchActivityCreated() -> f
    void dispatchStart() -> g
    void dispatchResume() -> h
    void dispatchPause() -> i
    void dispatchStop() -> j
    void dispatchReallyStop() -> k
    void dispatchDestroy() -> l
    void dispatchConfigurationChanged(android.content.res.Configuration) -> a
    void dispatchLowMemory() -> m
    boolean dispatchCreateOptionsMenu(android.view.Menu,android.view.MenuInflater) -> a
    boolean dispatchPrepareOptionsMenu(android.view.Menu) -> a
    boolean dispatchOptionsItemSelected(android.view.MenuItem) -> a
    boolean dispatchContextItemSelected(android.view.MenuItem) -> b
android.support.v4.app.FragmentHostCallback -> android.support.v4.app.x:
    android.app.Activity mActivity -> a
    android.content.Context mContext -> b
    android.os.Handler mHandler -> e
    int mWindowAnimations -> c
    android.support.v4.app.FragmentManagerImpl mFragmentManager -> d
    android.support.v4.util.SimpleArrayMap mAllLoaderManagers -> f
    boolean mRetainLoaders -> g
    android.support.v4.app.LoaderManagerImpl mLoaderManager -> h
    boolean mCheckedForLoaderManager -> i
    boolean mLoadersStarted -> j
    void onDump(java.lang.String,java.io.FileDescriptor,java.io.PrintWriter,java.lang.String[]) -> a
    boolean onShouldSaveFragmentState(android.support.v4.app.Fragment) -> a
    android.view.LayoutInflater onGetLayoutInflater() -> b
    void onSupportInvalidateOptionsMenu() -> c
    boolean onHasWindowAnimations() -> d
    int onGetWindowAnimations() -> e
    android.view.View onFindViewById(int) -> a
    boolean onHasView() -> a
    android.app.Activity getActivity() -> f
    android.content.Context getContext() -> g
    android.os.Handler getHandler() -> h
    android.support.v4.app.FragmentManagerImpl getFragmentManagerImpl() -> i
    void inactivateFragment(java.lang.String) -> a
    void onAttachFragment(android.support.v4.app.Fragment) -> b
    boolean getRetainLoaders() -> j
    void doLoaderStart() -> k
    void doLoaderStop(boolean) -> a
    void doLoaderDestroy() -> l
    void reportLoaderStart() -> m
android.support.v4.app.FragmentManager -> android.support.v4.app.y:
    android.support.v4.app.FragmentTransaction beginTransaction() -> a
    boolean executePendingTransactions() -> b
    android.support.v4.app.Fragment findFragmentByTag(java.lang.String) -> a
    boolean popBackStackImmediate() -> c
    void popBackStack(int,int) -> a
    void dump(java.lang.String,java.io.FileDescriptor,java.io.PrintWriter,java.lang.String[]) -> a
android.support.v4.app.FragmentManager$OnBackStackChangedListener -> android.support.v4.app.z:
    void onBackStackChanged() -> a