app/unused.txt
com.shuiguo.redenvelope.BuildConfig
com.shuiguo.redenvelope.R
com.shuiguo.redenvelope.R$attr
com.shuiguo.redenvelope.R$color
com.shuiguo.redenvelope.R$dimen
com.shuiguo.redenvelope.R$drawable
com.shuiguo.redenvelope.R$id
com.shuiguo.redenvelope.R$layout
com.shuiguo.redenvelope.R$menu
com.shuiguo.redenvelope.R$mipmap
com.shuiguo.redenvelope.R$raw
com.shuiguo.redenvelope.R$string
com.shuiguo.redenvelope.R$style
com.shuiguo.redenvelope.R$xml
...
com.ta.utdid2.android.utils.NetworkUtils
com.ta.utdid2.android.utils.PhoneInfoUtils
com.ta.utdid2.android.utils.StringUtils
com.ta.utdid2.android.utils.SystemUtils
com.ta.utdid2.core.persistent.FastXmlSerializer
com.ta.utdid2.core.persistent.MySharedPreferences
com.ta.utdid2.core.persistent.MySharedPreferences$MyEditor
com.ta.utdid2.core.persistent.MySharedPreferences$OnSharedPreferenceChangeListener
com.ta.utdid2.core.persistent.PersistentConfiguration
com.ta.utdid2.core.persistent.TransactionXMLFile
com.ta.utdid2.core.persistent.TransactionXMLFile$MySharedPreferencesImpl
com.ta.utdid2.core.persistent.TransactionXMLFile$MySharedPreferencesImpl$EditorImpl
com.ta.utdid2.core.persistent.XmlUtils
com.ta.utdid2.device.Device
com.ta.utdid2.device.DeviceInfo
com.ta.utdid2.device.UTDevice
com.ta.utdid2.device.UTUtdid
com.ta.utdid2.device.UTUtdidHelper
com.ta.utdid2.device.UTUtdidHelper2
com.umeng.analytics.AnalyticsConfig:
    public static final boolean FLAG_INTERNATIONAL
    16:16:public AnalyticsConfig()
    54:55:static void a(boolean)
    58:82:static void a(android.content.Context,java.lang.String)
    85:86:static void a(java.lang.String)
    118:122:static void b(android.content.Context,java.lang.String)
    137:139:static void a(android.content.Context,int)
com.umeng.analytics.Gender
com.umeng.analytics.Gender$1
com.umeng.analytics.Gender$2
com.umeng.analytics.Gender$3
com.umeng.analytics.Gender$4
com.umeng.analytics.MobclickAgent:
    private static final java.lang.String a
    25:25:public MobclickAgent()
    37:40:public static void startWithConfigure(com.umeng.analytics.MobclickAgent$UMAnalyticsConfig)
    49:50:public static void setLocation(double,double)
    53:54:public static void setLatencyWindow(long)
    62:63:public static void enableEncrypt(boolean)
    69:70:public static void setCatchUncaughtExceptions(boolean)
    79:80:public static void setWrapper(java.lang.String,java.lang.String)
    91:92:public static void setSecret(android.content.Context,java.lang.String)
    103:104:public static void setScenarioType(android.content.Context,com.umeng.analytics.MobclickAgent$EScenarioType)
    116:117:public static void setSessionContinueMillis(long)
    128:129:public static void setEnableEventBuffer(boolean)
    132:132:public static com.umeng.analytics.d getAgent()
    141:142:public static void setCheckDevice(boolean)
    151:152:public static void setOpenGLContext(javax.microedition.khronos.opengles.GL10)
    160:161:public static void openActivityDurationTrack(boolean)
    171:176:public static void onPageStart(java.lang.String)
    184:189:public static void onPageEnd(java.lang.String)
    198:199:public static void setDebugMode(boolean)
    236:237:public static void reportError(android.content.Context,java.lang.String)
    250:251:public static void reportError(android.content.Context,java.lang.Throwable)
com.umeng.analytics.MobclickAgent$UMAnalyticsConfig
com.umeng.analytics.MobclickAgentJSInterface
com.umeng.analytics.MobclickAgentJSInterface$a
com.umeng.analytics.ReportPolicy:
    public static final int REALTIME
    public static final int BATCH_AT_LAUNCH
    static final int a
    static final int b
    public static final int DAILY
    public static final int WIFIONLY
    public static final int BATCH_BY_INTERVAL
    public static final int SMART_POLICY
    17:17:public ReportPolicy()
com.umeng.analytics.ReportPolicy$e:
    131:131:public long b()
    135:138:public static boolean a(int)
com.umeng.analytics.ReportPolicy$f